<?xml version="1.0"?>
<testsuites>
  <testsuite name="PhantomJS 1.9.1 (Mac OS X)" package="unit" timestamp="2013-08-30T05:42:52" id="0" hostname="MathBook Pro" tests="1" errors="0" failures="0" time="0.012">
    <properties>
      <property name="browser.fullName" value="Mozilla/5.0 (Macintosh; Intel Mac OS X) AppleWebKit/534.34 (KHTML, like Gecko) PhantomJS/1.9.1 Safari/534.34"/>
    </properties>
    <testcase name="should do stuff to things" time="0.012" classname="unit PhantomJS 1.9.1 (Mac OS X).Controllers MainCtrl"/>
    <system-out><![CDATA[PhantomJS 1.9.1 (Mac OS X) LOG: LOG
 'Browser does not appear to be WebRTC-capable'
]]></system-out>
    <system-err/>
  </testsuite>
  <testsuite name="Chrome 29.0.1547 (Mac OS X 10.8.4)" package="unit" timestamp="2013-08-30T05:42:52" id="0" hostname="MathBook Pro" tests="1" errors="0" failures="0" time="0.077">
    <properties>
      <property name="browser.fullName" value="Mozilla/5.0 (Macintosh; Intel Mac OS X 10_8_4) AppleWebKit/537.36 (KHTML, like Gecko) Chrome/29.0.1547.57 Safari/537.36"/>
    </properties>
    <testcase name="should do stuff to things" time="0.077" classname="unit Chrome 29.0.1547 (Mac OS X 10.8.4).Controllers MainCtrl"/>
    <system-out><![CDATA[PhantomJS 1.9.1 (Mac OS X) LOG: LOG
 'Browser does not appear to be WebRTC-capable',Chrome 29.0.1547 (Mac OS X 10.8.4) LOG: LOG
 'This appears to be Chrome'
]]></system-out>
    <system-err/>
  </testsuite>
</testsuites>
