<?xml version="1.0"?>
<testsuites>
  <testsuite name="Chrome 29.0.1547 (Mac OS X 10.8.4)" package="unit" timestamp="2013-08-30T05:22:36" id="0" hostname="MathBook Pro" tests="1" errors="0" failures="0" time="0.245">
    <properties>
      <property name="browser.fullName" value="Mozilla/5.0 (Macintosh; Intel Mac OS X 10_8_4) AppleWebKit/537.36 (KHTML, like Gecko) Chrome/29.0.1547.62 Safari/537.36"/>
    </properties>
    <testcase name="should do stuff to things" time="0.245" classname="unit Chrome 29.0.1547 (Mac OS X 10.8.4).Controllers MainCtrl"/>
    <system-out><![CDATA[Chrome 29.0.1547 (Mac OS X 10.8.4) LOG: LOG
 'This appears to be Chrome'
]]></system-out>
    <system-err/>
  </testsuite>
</testsuites>
